<?xml version="1.0" encoding="UTF-8"?>
<testsuite name="BlockchainTest" tests="1" skipped="0" failures="0" errors="0" timestamp="2020-07-06T22:05:27" hostname="DESKTOP-H0T0QGB" time="20.075">
  <properties/>
  <testcase name="start" classname="BlockchainTest" time="20.075"/>
  <system-out><![CDATA[?[1;31m
Start test 1?[0m
Block:
Created by miner # 2
Id: 1
Timestamp: 1594073127863
Magic number: -1769624086
Hash of the previous block:
0
Hash of the block:
5e224ad63dc03b7a584dd8bab6d1aeaeeee087643a669adba7f7a58b1f852e0a
Block was generating for 0 seconds
N was increased to 1

Block:
Created by miner # 2
Id: 2
Timestamp: 1594073127867
Magic number: 1963287713
Hash of the previous block:
5e224ad63dc03b7a584dd8bab6d1aeaeeee087643a669adba7f7a58b1f852e0a
Hash of the block:
0e56d54ec268987ef4da13cd31fa32192adbba6e489408b7dcc1ead6f2fcf2da
Block was generating for 0 seconds
N was increased to 2

Block:
Created by miner # 2
Id: 3
Timestamp: 1594073127889
Magic number: -1328527686
Hash of the previous block:
0e56d54ec268987ef4da13cd31fa32192adbba6e489408b7dcc1ead6f2fcf2da
Hash of the block:
007e270c1d0a5283aaaa6b79479eb2b29d61c39838339a19d82c48cc3d3e3053
Block was generating for 0 seconds
N was increased to 3

Block:
Created by miner # 2
Id: 4
Timestamp: 1594073127923
Magic number: -21014420
Hash of the previous block:
007e270c1d0a5283aaaa6b79479eb2b29d61c39838339a19d82c48cc3d3e3053
Hash of the block:
000cf9ec64dc52434338785de526a11bd95810547355ff4d987b0664e077fae1
Block was generating for 0 seconds
N was increased to 4

Block:
Created by miner # 2
Id: 5
Timestamp: 1594073127996
Magic number: -830005591
Hash of the previous block:
000cf9ec64dc52434338785de526a11bd95810547355ff4d987b0664e077fae1
Hash of the block:
0000381609a91cc6d1616b0f22102902d6cbe47c5935fa43670eee98fda35045
Block was generating for 0 seconds
N was increased to 5

?[1;31m
Start test 2?[0m
Block:
Created by miner # 2
Id: 1
Timestamp: 1594073137882
Magic number: -1639186085
Hash of the previous block:
0
Hash of the block:
b4b2ff46ae8b7fe311fb2de43bc0e567b228be6d082751d6e854ecf66b77a83a
Block was generating for 0 seconds
N was increased to 1

Block:
Created by miner # 2
Id: 2
Timestamp: 1594073137885
Magic number: -69407567
Hash of the previous block:
b4b2ff46ae8b7fe311fb2de43bc0e567b228be6d082751d6e854ecf66b77a83a
Hash of the block:
059c2e3d6afd7c97be0f548477e5e8d407996bf6dd2c2b52c3405dcc579ca9a3
Block was generating for 0 seconds
N was increased to 2

Block:
Created by miner # 2
Id: 3
Timestamp: 1594073137889
Magic number: 1158499983
Hash of the previous block:
059c2e3d6afd7c97be0f548477e5e8d407996bf6dd2c2b52c3405dcc579ca9a3
Hash of the block:
00f0bffc2f69e6434c9f9f40a0bae9b7b4c64fb7552cba4aff0bef169b36d2de
Block was generating for 0 seconds
N was increased to 3

Block:
Created by miner # 2
Id: 4
Timestamp: 1594073137894
Magic number: 484680898
Hash of the previous block:
00f0bffc2f69e6434c9f9f40a0bae9b7b4c64fb7552cba4aff0bef169b36d2de
Hash of the block:
0005e2d16f3f5837eb54b8f2ef33ba73c655312de51ce05ba061f5b7d3614013
Block was generating for 0 seconds
N was increased to 4

Block:
Created by miner # 2
Id: 5
Timestamp: 1594073138196
Magic number: 546853780
Hash of the previous block:
0005e2d16f3f5837eb54b8f2ef33ba73c655312de51ce05ba061f5b7d3614013
Hash of the block:
0000d87d6423ecd7825c7fd7810c6b276400eb5bc275012748357c745f263c2d
Block was generating for 1 seconds
N was increased to 5

]]></system-out>
  <system-err><![CDATA[java.io.FileNotFoundException: blockchain\file.txt (Системе не удается найти указанный путь)
	at java.base/java.io.FileOutputStream.open0(Native Method)
	at java.base/java.io.FileOutputStream.open(FileOutputStream.java:298)
	at java.base/java.io.FileOutputStream.<init>(FileOutputStream.java:237)
	at java.base/java.io.FileOutputStream.<init>(FileOutputStream.java:126)
	at blockchain.SerializationUtils.serialize(SerializationUtils.java:11)
	at blockchain.BlockFactory.generateChain(BlockFactory.java:21)
	at blockchain.BlockChainFactory.run(BlockChainFactory.java:66)
	at blockchain.Miner.lambda$mine$0(Miner.java:17)
	at java.base/java.util.concurrent.Executors$RunnableAdapter.call(Executors.java:515)
	at java.base/java.util.concurrent.FutureTask.run(FutureTask.java:264)
	at java.base/java.util.concurrent.ThreadPoolExecutor.runWorker(ThreadPoolExecutor.java:1128)
	at java.base/java.util.concurrent.ThreadPoolExecutor$Worker.run(ThreadPoolExecutor.java:628)
	at java.base/java.lang.Thread.run(Thread.java:834)
java.io.FileNotFoundException: blockchain\file.txt (Системе не удается найти указанный путь)
	at java.base/java.io.FileOutputStream.open0(Native Method)
	at java.base/java.io.FileOutputStream.open(FileOutputStream.java:298)
	at java.base/java.io.FileOutputStream.<init>(FileOutputStream.java:237)
	at java.base/java.io.FileOutputStream.<init>(FileOutputStream.java:126)
	at blockchain.SerializationUtils.serialize(SerializationUtils.java:11)
	at blockchain.BlockFactory.generateChain(BlockFactory.java:21)
	at blockchain.BlockChainFactory.run(BlockChainFactory.java:66)
	at blockchain.Miner.lambda$mine$0(Miner.java:17)
	at java.base/java.util.concurrent.Executors$RunnableAdapter.call(Executors.java:515)
	at java.base/java.util.concurrent.FutureTask.run(FutureTask.java:264)
	at java.base/java.util.concurrent.ThreadPoolExecutor.runWorker(ThreadPoolExecutor.java:1128)
	at java.base/java.util.concurrent.ThreadPoolExecutor$Worker.run(ThreadPoolExecutor.java:628)
	at java.base/java.lang.Thread.run(Thread.java:834)
]]></system-err>
</testsuite>
